num docs: 459 train / 52 val
vocab size: 38
num params: 4928
step    1 / 1000 | loss 3.7557 | val loss 3.6756 | effective choices 39.5 of 38
step    2 / 1000 | loss 3.5595
step    3 / 1000 | loss 3.6408
step    4 / 1000 | loss 3.6880
step    5 / 1000 | loss 3.7117
step  501 / 1000 | loss 2.7633 | val loss 2.7123 | effective choices 15.1 of 38
step 1000 / 1000 | loss 3.6591 | val loss 2.6796 | effective choices 14.6 of 38
training took 477.4s

--- attention over 'test-time-training' (row = current position, cols = looked-at positions) ---
      ^test-time-training
    ^ | @
    t | @@
    e | #@#
    s | @%%#
    t | @@##%
    - | @@%@@@
    t | @@%%@@%
    i | #@##@#@#
    m | @@#%%%%%*
    e | #@##@#@##%
    - | @@%@@@@%@@@
    t | @@%%@@@%@%@@
    r | @####%#@##%#%
    a | #@#%@#@%#%#@%%
    i | %@#%@#@%*##@%%%
    n | @*#**%*@*#%*#%@%
    i | %@#%@#@%*##@%%#%%
    n | @*#**%*@##%*#%@%@%
    g | @@%%%@%@@%@%@@@%@@%

--- inference (new, hallucinated idea names) ---
sample  1: malaranti-senin-marin
sample  2: ale-stin
sample  3: apariont-g
sample  4: tanel-he-arenont-ri
sample  5: llpule-m
sample  6: gengem-me
sample  7: 207ati
sample  8: jarl-amonge-mari-ang
sample  9: toplesin
sample 10: joreremarore
sample 11: datisonion
sample 12: eang-homaeus
sample 13: lare-tint-s
sample 14: ticonti-tin-haronststelanang-meingenge-n
sample 15: fedepabien
sample 16: sondiong
sample 17: reditharonees
sample 18: tiontin-jarcon-brontringin
sample 19: geriserime-sontin
sample 20: ctagrongi-s
memorization: 0/20 samples are verbatim training docs
