num docs: 459 train / 52 val | vocab size: 38

Every run: same init, same data order, Adam, 300 steps. Before the
results arrive, commit to predictions — rank the five surgeries by how much
they raise val loss over baseline, and write your ranking down:

   no-wpe, no-residual, no-rmsnorm, no-relu, beta2=0.5

The lab is now running (~minutes per surgery, pure Python)...

baseline     | val loss 2.7394 | effective choices  15.5 | 147.6s | richelt-mararde-wentis-s, stuge-abe-sipomantar, sdene-w-biant, gerlamaling
no-wpe       | val loss 2.7120 | effective choices  15.1 | 143.5s | re-den, arendimab, marer-sgry, bod-an-serebantary
no-residual  | val loss 2.9279 | effective choices  18.7 | 147.4s | rialen, bimedoen-vgepes-rer, wap-c-i-seredelien, saneil
no-rmsnorm   | val loss 2.8049 | effective choices  16.5 | 145.8s | ricenn, cimede-k-wente, arert, cicace-t-re-daran
no-relu      | val loss 2.7529 | effective choices  15.7 | 146.4s | re-han, conrapan-wentew-sis, warad-a-sericearen, semece
beta2=0.5    | val loss 2.7466 | effective choices  15.6 | 140.0s | roinge, aranan-h-wentit-sor, warai-c-sas, cemelatt-feng

--- damage report (val loss, lower is better) ---
  no-wpe       2.7120 |#########################################
  baseline     2.7394 |#########################################
  beta2=0.5    2.7466 |#########################################
  no-relu      2.7529 |#########################################
  no-rmsnorm   2.8049 |##########################################
  no-residual  2.9279 |############################################

baseline is 2.7394; every surgery above it is the price of a missing organ.
interpretations live in lessons/train7-ablation-lab.md — but only after you've compared your predicted ranking.
