num docs: 459 train / 52 val
vocab size: 38
num params: 4064
gradient check on 'cscg-george-2021' | loss_n 3.636937 | loss_a 3.636937 | max diff 0.00000000
step    1 / 1000 | loss 3.6369 | val loss 3.6404 | effective choices 38.1 of 38
step    2 / 1000 | loss 3.6394
step    3 / 1000 | loss 3.6401
step    4 / 1000 | loss 3.6367
step    5 / 1000 | loss 3.6399
step  501 / 1000 | loss 2.7228 | val loss 2.7837 | effective choices 16.2 of 38
step 1000 / 1000 | loss 3.6912 | val loss 2.7239 | effective choices 15.2 of 38
training took 9.5s

--- the loss valley for one weight (doc: 'cscg-george-2021') ---
  loss  3.201 |                     W                   *
  loss  3.195 |                     W                  * 
  loss  3.188 |                     W                 *  
  loss  3.182 |                     W               **   
  loss  3.175 |                     W             **     
  loss  3.169 |                     W           **       
  loss  3.162 |                     W         **         
  loss  3.156 |                     W       **           
  loss  3.149 |                     W    ***             
  loss  3.143 |                     W****                
  loss  3.136 |                  ****                    
  loss  3.130 |           *******                        
  loss  3.124 | *****************************************
  weight sweeps -3.01 .. +2.99, W = trained value -0.011, min loss 3.1235

--- inference (new, hallucinated idea names) ---
sample  1: ingrid
sample  2: 224
sample  3: l-cach
sample  4: mere
sample  5: stieron-mee-an-a
sample  6: renint-antumsen-timaichs
sample  7: tront
sample  8: mory-le-afi
sample  9: one
sample 10: m-se-oratin
sample 11: d
sample 12: orearon-col-s
sample 13: ontianin
sample 14: tre
sample 15: tede-stingomurer-conimeeningerese-are-ce
sample 16: lalsarap
sample 17: stiongent-stineme
sample 18: d-at
sample 19: con-rereronde-areprod-chanimatin
sample 20: jabon
memorization: 0/20 samples are verbatim training docs
