num docs: 459 train / 52 val
vocab size: 38
num params: 4928
step    1 / 1000 | loss 3.5698 | val loss 3.6680 | effective choices 39.2 of 38
step    2 / 1000 | loss 3.6524
step    3 / 1000 | loss 3.5888
step    4 / 1000 | loss 3.7115
step    5 / 1000 | loss 3.4838
step  501 / 1000 | loss 2.6680 | val loss 2.6704 | effective choices 14.4 of 38
step 1000 / 1000 | loss 3.5158 | val loss 2.6165 | effective choices 13.7 of 38
training took 507.6s

--- SGD (s, train4) vs Adam (A, train5), smoothed loss over 1000 steps ---
   3.60 | *s                                                              
   3.52 |  As                                                             
   3.44 |                                                                 
   3.36 |    s                                                            
   3.29 |   A                                                             
   3.21 |    As                                                           
   3.13 |      s                                                          
   3.05 |     A s                                                         
   2.97 |      AA   s                                                     
   2.89 |        s *Ass  ss*ss** s s                                      
   2.81 |        As  AA**AA AA  *AsA*s**  *s               ss             
   2.74 |         A               A  A  *s Ass  s*sssss*sssA ssssssss  sss
   2.66 |                                A  AAs A AAAAA AAA AAAAAA AAssA  
   2.58 |                                     As                  A  AA AA
   2.50 |                                      A                          
        +----------------------------------------------------------------
         step 1                                                  step 1000

--- the childhood album: samples through training ---
step    0 | m129o8dwl-x7nfi1o8kliw13m-uvwax1c7omlpp6, fpx3bbb2kk73p9lfqj3pl, iqz, bm7i, b3hgsg5moz-0p4ws, eejl-67xbj9-pcqi07banztoknwhbreuvaoagaoy
step   50 | rat--ye, jantinb-lako, el-orta-lbaures-t, ticnanl-tin-l-lolrat-aail-ba-ll-al-ned-n, geche-aiamitloe, nin
step  250 | padereange-dinulintti-manatin-s, henge-en, larenatingasening, atalinang-r, ve-acece-mantise, ja-wa-angatintinsendenonceon-y
step 1000 | ag-ong, arense-arereinit-mare, moderar, vem-santt-romantinion, rabstiobl-a, rol-dieell-alicinerg

--- inference (new, hallucinated idea names) ---
sample  1: seaex-fwomercon
sample  2: pam-coponin-s-tintictititingeres
sample  3: pofepanio-barel-2099
sample  4: tin-saron
sample  5: sogewes-coreeding-then
sample  6: mararan
sample  7: page-frartinitin
sample  8: lestin-trerserer
sample  9: ant-mlil-elis
sample 10: eleralare-marst
sample 11: aerage-foomes-arit-sel-ereliolis
sample 12: reruse
sample 13: marore-alarin
sample 14: aipro-j-adiontin-pre
sample 15: mamat-se-cerantintines
sample 16: tien-manent-rtatictingeng
sample 17: darpe-geratinars
sample 18: checere-conrincticti
sample 19: momin-derfer-tant-matrenias
sample 20: anicharti-morg
memorization: 0/20 samples are verbatim training docs
