num docs: 459 train / 52 val
vocab size: 38
uniform loss: ln(38) = 3.6376 -> effective choices: 38
step    1 /  459 | loss 3.6376
step    2 /  459 | loss 3.5390
step    3 /  459 | loss 3.4824
step  100 /  459 | loss 2.9057
step  200 /  459 | loss 2.8193
step  300 /  459 | loss 3.1149
step  400 /  459 | loss 2.4930
step  459 /  459 | loss 2.9104

train loss 2.6220 | val loss 2.6764 | effective choices 14.5 of 38

--- the model itself: P(next | current), one row per current token ---
    -0123456789abcdefghijklmnopqrstuvwxyz^
  -    -       @-#=-::::. -%::= =#=.::    
  0 ::+@. . .                         .  .
  1 @*:=:::==@@::::::::::::::::::::::::::%
  2 .@ .  ..                             :
  3 @:...:...............................-
  4 @:::=::::::::::::::::::::::::::::::::=
  5 @:::::::::::::::::::::::::::::::::::::
  6 @::::::::::::::::::::::::::::::::::::+
  7 @:+:::::::::::::::::::::::::::::::::::
  8 @::=::::::::::::::::::::::::::::::::::
  9 *-------**@--------------------------*
  a :           :=   = -  #-@ : @-@:.     
  b .          *.  +   +  #. @  ** -     .
  c -          -   *  #: .:  @  ..+:      
  d %          :   @   +     .  .  .     :
  e @          - .::   .  =-@ : #=: . .  -
  f *          =   @-  #. .  @  * --     .
  g =          .   @  .:  . ..  -  .     =
  h -          @   #   +   :.-    .-   . -
  i :          . -.:..    ..@*   -= :     
  j =          @   -   .     #     -      
  k @   .      +   =   @  :..:  .*..   . *
  l @          %  =@   #  *: =   =.:     :
  m +          %.  @   -   . @-  . .     :
  n %          - -=- % =     .   :@      +
  o .           . -  .    .:@.. * ..      
  p .          %   #  ::  =  =. @::.     :
  q .          .                   @      
  r :          # -.@ . + .: .*   :..   : :
  s #          : : #.  +     :.  -@.   . @
  t +          -   +  :@     .  - ..   . .
  u .          +-+-: - -  *-#.: @%%     ..
  v .          =   @   -     .   :        
  w :          =   =  :+  .  @           :
  x @            . *   -      +   -      -
  y @                       .    .       %
  z ...........@...@..+-..-......-......--
  ^            @:%#+-+--=:=%.-+ +%* :=    
after '^': 'a' 0.09, 'c' 0.08, 'm' 0.07
after '-': 'a' 0.11, 'm' 0.09, 's' 0.09
after 'a': 't' 0.14, 'n' 0.13, 'r' 0.13
after 'q': 'u' 0.24, '-' 0.04, 'a' 0.04

--- inference (new, hallucinated idea names) ---
sample  1: n-cernv4c-ck-boncor-steave-atistiyantiti
sample  2: p546-caiomecexonaral
sample  3: niosta-dag
sample  4: tephyedanditha
sample  5: k-20bre-f
sample  6: l
sample  7: t-prifoche
sample  8: tenatugnj5riso-d-utse-ty-j-rodendulantal
sample  9: zlen-chiec4latt-cof6zintrbamemop
sample 10: ameteangedyeti-
sample 11: s
sample 12: vranch-f
sample 13: dong
sample 14: zhodcxjhoaplsav43jog2x5jleng
sample 15: cogeqchobl
sample 16: z316zwtfaton
sample 17: o-sepubaclaprcoinzuama-rlason-atwjspachw
sample 18: s
sample 19: taibrull7y
sample 20: xtu3qdy
memorization: 0/20 samples are verbatim training docs
