num docs: 459 train / 52 val
vocab size: 38
num params: 4928 (same as train3.py — heads are a split, not new capacity)
step    1 / 1000 | loss 3.5698 | val loss 3.6741 | effective choices 39.4 of 38
step    2 / 1000 | loss 3.6675
step    3 / 1000 | loss 3.6091
step    4 / 1000 | loss 3.6540
step    5 / 1000 | loss 3.5719
step  501 / 1000 | loss 2.7218 | val loss 2.7185 | effective choices 15.2 of 38
step 1000 / 1000 | loss 3.4516 | val loss 2.6875 | effective choices 14.7 of 38
training took 520.0s

--- attention over 'test-time-training', per head (row = position, cols = looked-at) ---
head 0:
      ^test-time-training
    ^ | @
    t | @@
    e | @@#
    s | @@@@
    t | @@@@@
    - | @%%@%@
    t | @@%@@@@
    i | @@%@@@@%
    m | @#%@%@%#%
    e | @@#@@@@%@#
    - | @%@@@@@%@@@
    t | @@@@@@@@@@@@
    r | @%@@%@%%@@@%%
    a | @@@%@@@%@%@@@%
    i | %%#%%%%#%#%%@*%
    n | %%@@@%%@@@%%%@@%
    i | %%#%%%%#%*%%@*%%#
    n | %@@%@%@@@@%@%@@%@%
    g | @@@@@@@@@@@@@@@@@@%
head 1:
      ^test-time-training
    ^ | @
    t | @@
    e | @@@
    s | @#@@
    t | %%%@%
    - | %*@@#%
    t | %%%@%%%
    i | @%@#@%@*
    m | @%@@%@%@%
    e | @@%%@@@%@%
    - | %*@@*%#@%@#
    t | *#*#*#*@%***
    r | %@%@%@@@@%%%%
    a | %@##@%%%@#%%@#
    i | @%@#@%@+*@@@@@*
    n | @@@@@@@@@@@@@@@@
    i | %%%*@%%+*%%%%@+@+
    n | %@%%@@@%@%@@@%%%%%
    g | #@*#@%%%@*%%@#@*%#%
head 2:
      ^test-time-training
    ^ | @
    t | @@
    e | @%*
    s | @@%%
    t | @@*%%
    - | @@#%%@
    t | @@#%%%%
    i | %%@@@@@@
    m | @@#%%@%#%
    e | @%+##%#*#+
    - | @@%@@@@#@%@
    t | @@#%%@%#%*@%
    r | @@@%@@@@@%@@@
    a | %%@%%%%#@@%%%@
    i | @@@@@@@@@@@@@@@
    n | #%@%@%%@%@#%#%@%
    i | %%@%%%%@%@%%@@@@@
    n | %@@%@%@@@%%@%%@%@%
    g | @@@%@@@@@%@%@@@#@%%
head 3:
      ^test-time-training
    ^ | @
    t | @@
    e | @@@
    s | #*@@
    t | #@%%@
    - | @#@@%@
    t | #@%#@#@
    i | @#@%%@%%
    m | %%@%@@%@%
    e | @@@*@%%##@
    - | %%@@%@%@@@@
    t | #@%%@#@%%%#@
    r | %%@@%%%@@@%@%
    a | %%@%%%%@%@%%%#
    i | @%@#%@%%%@@#%%%
    n | *##@##%%%%*%#*%%
    i | @%@#%@%%%@@%%%%%%
    n | ##%@##%%%@*%#*%%%@
    g | #%%#%#%%%@%@##%#%#@

--- inference (new, hallucinated idea names) ---
sample  1: maige-ion-singe-marint-cod
sample  2: orcs-g-meon
sample  3: cles-che-hem-parion-ri
sample  4: llstaren
sample  5: farine-me
sample  6: 207ast
sample  7: geni-bereng-marl-bintroreps
sample  8: ereorenen-rron
sample  9: datisinion
sample 10: dang-hon-atiti-mamonticor
sample 11: parere-tin-m-mentitgelaralabriemall-cbon
sample 12: iche-an-me
sample 13: pomoreltin-s
sample 14: jeron-britinin
sample 15: jarem-pl-atomestinti
sample 16: gerlinon-m-tintin
sample 17: ctagrinin-s
sample 18: so-bapen-marre
sample 19: itha-we-che-mon
sample 20: serece-mendetra
memorization: 0/20 samples are verbatim training docs
