num docs: 488 train / 55 val
vocab size: 38

--- autograd on a graph small enough to check by hand ---
L     data +9.0000 | grad +1.0000
    diff  data -3.0000 | grad -6.0000
        relu  data +2.0000 | grad -6.0000
            sum   data +2.0000 | grad -6.0000
                a*b   data -6.0000 | grad -6.0000
                    a     data +2.0000 | grad +18.0000
                    b     data -3.0000 | grad -12.0000
                const data +8.0000 | grad -6.0000
        const data -5.0000 | grad -6.0000
e.g. dL/da: 2*diff * 1 * 1 * b = 2*(-3) * (-3) = +18 — matches the printout

num params: 4064
one document ('cscg-george-2021') builds a graph of 126,664 Value nodes
backward() applies the same by-eye chain rule to every one of them
step    1 / 1000 | loss 3.6369 | val loss 3.6403 | effective choices 38.1 of 38
step    2 / 1000 | loss 3.6394
step    3 / 1000 | loss 3.6429
step    4 / 1000 | loss 3.6393
step    5 / 1000 | loss 3.6364
step  501 / 1000 | loss 2.7682 | val loss 2.7960 | effective choices 16.4 of 38
step 1000 / 1000 | loss 2.5796 | val loss 2.7301 | effective choices 15.3 of 38
training took 433.8s (train1.py did the same math faster — abstraction costs a constant factor)

--- inference (new, hallucinated idea names) ---
sample  1: gentid
sample  2: 224
sample  3: ice-an
sample  4: merg
sample  5: sy-aron-meie-c-a
sample  6: sinint-anttiven-ting-an
sample  7: s
sample  8: s
sample  9: miverotini-ade
sample 10: pemre-se-oratin
sample 11: ctitigron-com-s
sample 12: pron-kin
sample 13: tre
sample 14: tefiarengeratins-blarenaningaresebarbana
sample 15: in-t-sen
sample 16: stipenins-stinenite-at
sample 17: con-replitinid-sinis-amancong
sample 18: en
sample 19: habon
sample 20: pal-ati-foel-monanico-n
memorization: 0/20 samples are verbatim training docs
